<?xml version="1.0" encoding="UTF-8"?>
<!-- Generated by org.testng.reporters.JUnitReportReporter -->
<testsuite hostname="Gayathri" failures="0" tests="1" name="com.testNg.AssertinsFeature" time="3.809" errors="0" timestamp="2024-12-26T13:53:52 IST" skipped="0">
  <testcase classname="com.testNg.AssertinsFeature" name="logoTest" time="3.809"/>
  <system-out/>
</testsuite> <!-- com.testNg.AssertinsFeature -->
