<?xml version="1.0" encoding="UTF-8"?>
<!-- Generated by org.testng.reporters.JUnitReportReporter -->
<testsuite hostname="Gayathri" failures="0" tests="4" name="com.testNg.dependencykeyword" time="24.091" errors="0" timestamp="2024-12-26T13:53:52 IST" skipped="0">
  <testcase classname="com.testNg.dependencykeyword" name="loginTest" time="4.005"/>
  <system-out/>
  <testcase classname="com.testNg.dependencykeyword" name="registerTest" time="3.932"/>
  <system-out/>
  <testcase classname="com.testNg.dependencykeyword" name="logoTest" time="3.866"/>
  <system-out/>
  <testcase classname="com.testNg.dependencykeyword" name="selectItems" time="12.288"/>
  <system-out/>
</testsuite> <!-- com.testNg.dependencykeyword -->
