<?xml version="1.0" encoding="UTF-8"?>
<!-- Generated by org.testng.reporters.JUnitReportReporter -->
<testsuite hostname="Gayathri" failures="0" tests="4" name="com.testNg.groupskeyword" time="25.130" errors="0" timestamp="2024-12-26T13:53:52 IST" skipped="0">
  <testcase classname="com.testNg.groupskeyword" name="loginTest" time="3.910"/>
  <system-out/>
  <testcase classname="com.testNg.groupskeyword" name="registerTest" time="3.757"/>
  <system-out/>
  <testcase classname="com.testNg.groupskeyword" name="logoTest" time="3.964"/>
  <system-out/>
  <testcase classname="com.testNg.groupskeyword" name="selectItems" time="13.499"/>
  <system-out/>
</testsuite> <!-- com.testNg.groupskeyword -->
