<?xml version="1.0" encoding="UTF-8"?>
<!-- Generated by org.testng.reporters.JUnitReportReporter -->
<testsuite hostname="Gayathri" failures="0" tests="3" name="com.testNg.priortyKeyword" time="19.630" errors="0" timestamp="2024-12-26T13:53:52 IST" skipped="0">
  <testcase classname="com.testNg.priortyKeyword" name="registerTest" time="3.703"/>
  <system-out/>
  <testcase classname="com.testNg.priortyKeyword" name="logoTest" time="3.885"/>
  <system-out/>
  <testcase classname="com.testNg.priortyKeyword" name="selectItems" time="12.042"/>
  <system-out/>
</testsuite> <!-- com.testNg.priortyKeyword -->
