<?xml version="1.0" encoding="UTF-8"?>
<!-- Generated by org.testng.reporters.JUnitReportReporter -->
<testsuite hostname="Gayathri" failures="0" tests="1" name="com.testNg.TestNGAnnotations" time="0.002" errors="0" timestamp="2024-12-26T13:53:52 IST" skipped="0">
  <testcase classname="com.testNg.TestNGAnnotations" name="getTitle" time="0.002"/>
  <system-out/>
</testsuite> <!-- com.testNg.TestNGAnnotations -->
