<?xml version="1.0" encoding="UTF-8"?>
<!-- Generated by org.testng.reporters.JUnitReportReporter -->
<testsuite hostname="Gayathri" failures="0" tests="1" name="com.testNg.expectedExceptionFeature" time="0.004" errors="0" timestamp="2024-12-26T13:53:52 IST" skipped="0">
  <testcase classname="com.testNg.expectedExceptionFeature" name="test1" time="0.004"/>
  <system-out/>
</testsuite> <!-- com.testNg.expectedExceptionFeature -->
